--------------------------------------------------
20130529.192618.412 r9999I tick009B OSystem  0112 Ticker thread has started.
                                            lll   
                                        iii lll   
                                            lll   
 rrrrrr   ooooo   ccccc rrrrrr   aaaaaa iii lll   
 rrr rrr ooo ooo ccc    rrr rrr aaa aaa iii lll   
 rrr     ooo ooo ccc    rrr     aaa aaa iii lll   
 rrr      ooooo   ccccc rrr      aaaaaa iii  lll  
--------------------------------------------------
 TM and Copyright 2002-2013 Rob Versluis.
 All Rights Reserved.
   r.j.versluis@rocrail.net
   http://www.rocrail.net
 License: GNU GPL V3
   http://www.gnu.org/licenses/gpl-3.0-standalone.html
--------------------------------------------------
 Rocrail 5327
 Build: May 29 2013 18:04:01
 librocs 2.0-0 build May 29 2013 18:03:40
 processid = 2540
       mac = 00023FFF294C0000
--------------------------------------------------
20130529.192618.412 r9999I main     OSystem  0575 expdate = 24-02-2014
The license expires in 271 days.
20130529.192618.412 r9999I main     OApp     0879 dpIID = []
20130529.192618.412 r9999I main     OApp     0880 ptIID = []
20130529.192618.412 r9999I main     OApp     0881 svIID = []
20130529.192618.412 r9999I main     OApp     0882 lcIID = []
20130529.192618.412 r9999I main     OModel   0415 parsePlan file: plan.xml
20130529.192618.427 r9999I main     OAnalyse 7747 MRD[100] ExtChk: basic[1]c[0] block[1]c[0] route[1]c[0] action[1]c[0]
20130529.192618.427 r9999I main     OAnalyse 5964 checking plan health...
20130529.192618.427 r9999I main     OAnalyse 2553 mod x: 0 y: 0 
20130529.192618.443 r9999I main     OAnalyse 6235 Starting zlevel check
20130529.192618.443 r9999I main     OAnalyse 2297 zlevel check: 32 items
20130529.192618.443 r9999I main     OAnalyse 6256 INFO: object [tk] with id [tk20130303203454076] at [26,5,0] is the most far away object in the plan
20130529.192618.443 r9999I main     OAnalyse 6267 INFO: analyzer: max connector distance is 26 (def/min=10)
20130529.192618.443 r9999I main     OAnalyse 6268 INFO: analyzer: max z-level is 0
20130529.192618.443 r9999I main     OAnalyse 6282 Plan is healthy
20130529.192618.443 r9999I main     OAnalyse 0183 cleaning up the ANALYSER...
20130529.192618.443 r9999I main     OAnalyse 0250 ANALYSER is cleaned up
20130529.192618.443 r9999I main     OModel   0479 parsePlan title: New Plan
20130529.192618.443 r9999I main     OModel   3121 init clearingMaps...
20130529.192618.443 r9999I main     OModel   3146 init creatingMaps...
20130529.192618.443 r9999I main     OModel   3150 init creatingFbAddrMap...
20130529.192618.443 r9999I main     OModel   2242 createFbAddrMap: size=3.
20130529.192618.458 r9999I main     OLoc     3138 no restore wanted: reset speed for loco [Stromkreis 1]
20130529.192618.474 r9999I main     OLoc     3142 no restore wanted: reset functions for loco [Stromkreis 1]
20130529.192618.474 r9999I main     OLib     0049 rocs_lib_load OK [.\./lcdriver.dll]
20130529.192618.490 r9999I main     OLib     0063 rocs_lib_getProc OK [.\./lcdriver.dll:rocGetLcDrInt]
20130529.192618.505 r9999I 00000F30 OLcDrive 0598 LcDriver 2.0.0 loaded for Stromkreis 1
20130529.192618.505 r9999I tick01E9 OSystem  0112 Ticker thread has started.
20130529.192618.521 r9999I main     OLoc     3156 loco [Stromkreis 1] enterside=[+]
20130529.192618.536 r9999I main     OLoc     3138 no restore wanted: reset speed for loco [Stromkreis 2]
20130529.192618.552 r9999I main     OLoc     3142 no restore wanted: reset functions for loco [Stromkreis 2]
20130529.192618.552 r9999I main     OLib     0049 rocs_lib_load OK [.\./lcdriver.dll]
20130529.192618.568 r9999I main     OLib     0063 rocs_lib_getProc OK [.\./lcdriver.dll:rocGetLcDrInt]
20130529.192618.568 r9999I 00000F30 OLcDrive 0598 LcDriver 2.0.0 loaded for Stromkreis 2
20130529.192618.583 r9999I main     OLoc     3156 loco [Stromkreis 2] enterside=[+]
20130529.192618.599 r9999I main     OModel   3173 init creatingFbAddrMap...
20130529.192618.599 r9999I main     OModel   2264 createSwAddrMap: size=1.
20130529.192618.614 r9999I main     OModel   2285 createCoAddrMap: size=0.
20130529.192618.630 r9999I main     OModel   5097 loading occupancy file [occ.xml]
20130529.192618.630 r9999I main     OModel   3178 init blocks...
20130529.192618.646 r9999I main     OBlock   2078 init block Block 1
20130529.192618.661 r9999I main     OBlock   2078 init block Block 2
20130529.192618.677 r9999I main     OBlock   2078 init block Block 3
20130529.192618.677 r9999I main     OSerial  0093 Opening serial[COM1]  [return code=2] [2] [No such file or directory]
20130529.192618.692 r9999I main     OSerial  0054 Serial[COM1] closed.
20130529.192618.692 r9999I main     OSerial  0093 Opening serial[COM2]  [return code=2] [2] [No such file or directory]
20130529.192618.692 r9999I main     OSerial  0054 Serial[COM2] closed.
20130529.192618.708 r9999I main     OSerial  0093 Opening serial[COM3]  [return code=2] [2] [No such file or directory]
20130529.192618.708 r9999I main     OSerial  0054 Serial[COM3] closed.
20130529.192618.708 r9999I main     OSerial  0093 Opening serial[COM4]  [return code=2] [2] [No such file or directory]
20130529.192618.724 r9999I main     OSerial  0054 Serial[COM4] closed.
20130529.192618.724 r9999I main     OSerial  0093 Opening serial[COM5]  [return code=2] [2] [No such file or directory]
20130529.192618.724 r9999I main     OSerial  0054 Serial[COM5] closed.
20130529.192619.864 r9999I main     OSerial  0093 Opening serial[COM6]  [return code=0] [0] [OK]
20130529.192619.864 r9999I main     OSerial  0114 blocking[1] directIO[0]
20130529.192619.926 r9999I main     OSerial  0054 Serial[COM6] closed.
20130529.192619.926 r9999I main     OSerial  0093 Opening serial[COM7]  [return code=0] [0] [OK]
20130529.192619.942 r9999I main     OSerial  0114 blocking[1] directIO[0]
20130529.192619.942 r9999I main     OSerial  0054 Serial[COM7] closed.
20130529.192619.958 r9999I main     OSerial  0093 Opening serial[COM8]  [return code=0] [0] [OK]
20130529.192619.958 r9999I main     OSerial  0114 blocking[1] directIO[0]
20130529.192619.973 r9999I main     OSerial  0054 Serial[COM8] closed.
20130529.192619.973 r9999I main     OSerial  0093 Opening serial[COM9]  [return code=2] [2] [No such file or directory]
20130529.192619.989 r9999I main     OSerial  0054 Serial[COM9] closed.
20130529.192619.989 r9999I main     OControl 1530 devices: "COM6,COM7,COM8"
20130529.192619.989 r9999I main     OControl 1180 initDigInts lib="srcp" idd="GA01"
20130529.192619.004 r9999I main     OLib     0049 rocs_lib_load OK [.\srcp.dll]
20130529.192619.004 r9999I main     OLib     0063 rocs_lib_getProc OK [.\srcp.dll:rocGetDigInt]
20130529.192619.020 r9999I 00000F30 OSRCP    1079 ----------------------------------------
20130529.192619.020 r9999I 00000F30 OSRCP    1080 SRCP 2.0.0
20130529.192619.020 r9999I 00000F30 OSRCP    1081   iid       : GA01
20130529.192619.036 r9999I 00000F30 OSRCP    1082   sublib    : serial
20130529.192619.036 r9999I 00000F30 OSRCP    0036   device    : COM35
20130529.192619.051 r9999I Stromkre OLoc     1415 Runner for "Stromkreis 1" started.
20130529.192619.051 r9999I 00000F30 OSRCP    1109 ----------------------------------------
20130529.192619.051 r9999I main     OControl 1249 initDigInts OK
20130529.192619.067 r9999I main     OPowerMa 0481 Power Manager instantiated.
20130529.192619.067 r9999I main     OControl 0179 Init shortcut sensor...
20130529.192619.067 r9999I checker  OControl 1477 Checker started.
20130529.192619.067 r9999I clocktic OControl 1400 ClockTicker started.
20130529.192619.082 r9999I main     OClntCon 0600 ClientConnection started on port 8051.
20130529.192619.082 r9999I cconmngr OClntCon 0375 Manager started.
20130529.192619.098 r9999I broadcas OClntCon 0490 Broadcaster started.
20130529.192619.098 r9999I main     OModel   1791 Checking all Loco's for V=0...
20130529.192619.114 r9999I Stromkre OLoc     1415 Runner for "Stromkreis 2" started.
20130529.192619.114 r9999I main     OModel   2912 init Track Driver blocks...
20130529.192619.129 r9999I main     OModel   0640 updateFB
20130529.192619.129 r9999I main     OModel   0626 add bus 0, 0...
20130529.192619.145 r9999I 00000F30 OSRCP    0055 connecting to [COM35]
20130529.192619.192 r9999I 00000F30 OSerial  0093 Opening serial[COM35]  [return code=0] [0] [OK]
20130529.192619.207 r9999I 00000F30 OSerial  0114 blocking[1] directIO[0]
20130529.192619.223 r9999I 00000F30 OSRCP    0574 reconnected
20130529.192619.238 r9999c 00000F30 OSRCP    0138 srcp response [84382 201 OK PROTOCOL SRCP
 ] on command [SET PROTOCOL SRCP 0.8
]
20130529.192619.316 r9999c 00000F30 OSRCP    0138 srcp response [84430 202 OK
 ] on command [SET CONNECTIONMODE SRCP COMMAND
]
20130529.192619.348 r9999c 00000F30 OSRCP    0138 srcp response [84488 200 OK GO 1
 ] on command [GO
]
20130529.192619.363 r9999I 00000F30 OSRCP    1018 init server...
20130529.192619.410 r9999c 00000F30 OSRCP    0138 srcp response [84521 100 INFO 0 POWER 0 0
 ] on command [GET 1 POWER
]
20130529.192619.426 r9999I 00000F30 OSRCP    0169 Handshake completed.
20130529.192619.426 r9999I 00000F30 OSRCP    0579 node=fbinfo cmd=fbmods
20130529.192619.550 r9999I info01E8 OSRCP    0795 info reader started
20130529.192620.081 r9999I clocktic OControl 1455 new clock event 19:26.20
20130529.192620.096 r9999I 00000FFC OSRCP    0579 node=clock cmd=set
20130529.192630.658 r9999I info01E8 OSRCP    0830 inforeader: [sensor 1:1
 ]
20130529.192630.673 r9999I info01E8 OSRCP    0830 inforeader: [95793 100 INFO 0 FB 1 1
 ]
20130529.192630.673 r9999c info01E8 OSRCP    0969 sensor 1 = 1
20130529.192631.172 r9999I info01E8 OSRCP    0830 inforeader: [sensor 1:0
 FO 0 FB 1 1
 ]
20130529.192631.188 r9999I info01E8 OSRCP    0830 inforeader: [96296 100 INFO 0 FB 1 0
 ]
20130529.192631.188 r9999c info01E8 OSRCP    0969 sensor 1 = 0
20130529.192700.111 r9999I clocktic OControl 1455 new clock event 19:27.00
20130529.192700.111 r9999I 00000FFC OSRCP    0579 node=clock cmd=sync
20130529.192707.443 r9999I cconmngr OClntCon 0395 client connect count: 1
20130529.192707.443 r9999I cmdr01E9 OClntCon 0215 cmdReader started for:127.0.0.1.
20130529.192707.443 r9999I infw01E9 OClntCon 0109 infoWriter started for:127.0.0.1.
20130529.192708.441 r9999I cmdr01E9 OClntCon 0271 monitoring for client is on
20130529.192708.441 r9999I cmdr01E9 OControl 0845 command from [rocview,180399876,3588]
20130529.192708.441 r9999I cmdr01E9 OSystem  0575 expdate = 24-02-2014
20130529.192708.457 r9999I cmdr01E9 OModel   2034 valid donation key: 
20130529.192708.597 r9999I cmdr01E9 OModel   2100 Sending 0 fstats to client...
20130529.192711.109 r9999I 00000B94 OSRCP    0579 node=sys cmd=go
20130529.192711.124 r9999c 00000B94 OSRCP    0138 srcp response [136254 200 OK
 ] on command [SET 1 POWER ON
]
20130529.192711.156 r9999c 00000B94 OSRCP    0138 srcp response [136269 200 OK
 ] on command [SET 2 POWER ON
]
20130529.192711.202 r9999c 00000B94 OSRCP    0138 srcp response [136314 200 OK
 ] on command [SET 3 POWER ON
]
20130529.192711.249 r9999c 00000B94 OSRCP    0138 srcp response [136365 200 OK
 ] on command [SET 4 POWER ON
]
20130529.192711.296 r9999c 00000B94 OSRCP    0138 srcp response [136416 200 OK
 ] on command [SET 5 POWER ON
]
20130529.192711.358 r9999c 00000B94 OSRCP    0138 srcp response [136467 200 OK
 ] on command [SET 6 POWER ON
]
20130529.192711.405 r9999c 00000B94 OSRCP    0138 srcp response [136518 200 OK
 ] on command [SET 7 POWER ON
]
20130529.192711.452 r9999c 00000B94 OSRCP    0138 srcp response [136568 200 OK
 ] on command [SET 8 POWER ON
]
20130529.192711.499 r9999c 00000B94 OSRCP    0138 srcp response [136620 200 OK
 ] on command [SET 9 POWER ON
]
20130529.192711.546 r9999c 00000B94 OSRCP    0138 srcp response [136672 200 OK
 ] on command [SET 10 POWER ON
]
20130529.192711.546 r9999I cmdr01E9 OModel   1913 informing 2 listeners of a system event...
20130529.192714.026 r9999I cmdr01E9 OSignal  1177 setting signal S1 to green
20130529.192714.026 r9999I cmdr01E9 OSignal  0900 2 aspects processing for signal [S1][green]...
20130529.192714.026 r9999I 00000B94 OSRCP    0579 node=co cmd=off
20130529.192714.042 r9999c 00000B94 OSRCP    0138 srcp response [139175 200 OK
 ] on command [GET 5 GA 1 0
]
20130529.192714.057 r9999c 00000B94 OSRCP    0138 srcp response [139197 200 OK
 ] on command [INIT 5 GA 1 M
]
20130529.192714.104 r9999c 00000B94 OSRCP    0138 srcp response [139230 200 OK
 ] on command [GET 5 GA 1 0
]
20130529.192714.104 r9999I 00000B94 OSRCP    0583 translation = SET 5 GA 1 0 1 -1
...
20130529.192714.182 r9999c 00000B94 OSRCP    0138 srcp response [139293 200 OK
 ] on command [SET 5 GA 1 0 1 -1
]
20130529.192714.182 r9999I 00000B94 OSRCP    0579 node=co cmd=off
20130529.192714.229 r9999c 00000B94 OSRCP    0138 srcp response [139342 200 OK
 ] on command [GET 5 GA 2 0
]
20130529.192714.291 r9999c 00000B94 OSRCP    0138 srcp response [139393 200 OK
 ] on command [INIT 5 GA 2 M
]
20130529.192714.338 r9999c 00000B94 OSRCP    0138 srcp response [139441 200 OK
 ] on command [GET 5 GA 2 0
]
20130529.192714.338 r9999I 00000B94 OSRCP    0583 translation = SET 5 GA 2 0 1 -1
...
20130529.192714.400 r9999c 00000B94 OSRCP    0138 srcp response [139503 200 OK
 ] on command [SET 5 GA 2 0 1 -1
]
20130529.192714.400 r9999I 00000B94 OSRCP    0579 node=co cmd=on
20130529.192714.400 r9999I 00000B94 OSRCP    0583 translation = SET 5 GA 2 0 0 -1
...
20130529.192714.447 r9999c 00000B94 OSRCP    0138 srcp response [139566 200 OK
 ] on command [SET 5 GA 2 0 0 -1
]
20130529.192715.321 r9999I cmdr01E9 OSignal  1177 setting signal S1 to red
20130529.192715.321 r9999I cmdr01E9 OSignal  0900 2 aspects processing for signal [S1][red]...
20130529.192715.336 r9999I 00000B94 OSRCP    0579 node=co cmd=off
20130529.192715.336 r9999I 00000B94 OSRCP    0583 translation = SET 5 GA 1 0 1 -1
...
20130529.192715.336 r9999c 00000B94 OSRCP    0138 srcp response [140481 200 OK
 ] on command [SET 5 GA 1 0 1 -1
]
20130529.192715.336 r9999I 00000B94 OSRCP    0579 node=co cmd=off
20130529.192715.352 r9999I 00000B94 OSRCP    0583 translation = SET 5 GA 2 0 1 -1
...
20130529.192715.399 r9999c 00000B94 OSRCP    0138 srcp response [140513 200 OK
 ] on command [SET 5 GA 2 0 1 -1
]
20130529.192715.399 r9999I 00000B94 OSRCP    0579 node=co cmd=on
20130529.192715.414 r9999I 00000B94 OSRCP    0583 translation = SET 5 GA 1 0 0 -1
...
20130529.192715.477 r9999c 00000B94 OSRCP    0138 srcp response [140576 200 OK
 ] on command [SET 5 GA 1 0 0 -1
]
20130529.192716.288 r9999I cmdr01E9 OSignal  1177 setting signal S1 to green
20130529.192716.288 r9999I cmdr01E9 OSignal  0900 2 aspects processing for signal [S1][green]...
20130529.192716.288 r9999I 00000B94 OSRCP    0579 node=co cmd=off
20130529.192716.288 r9999I 00000B94 OSRCP    0583 translation = SET 5 GA 1 0 1 -1
...
20130529.192716.304 r9999c 00000B94 OSRCP    0138 srcp response [141433 200 OK
 ] on command [SET 5 GA 1 0 1 -1
]
20130529.192716.304 r9999I 00000B94 OSRCP    0579 node=co cmd=off
20130529.192716.304 r9999I 00000B94 OSRCP    0583 translation = SET 5 GA 2 0 1 -1
...
20130529.192716.350 r9999c 00000B94 OSRCP    0138 srcp response [141465 200 OK
 ] on command [SET 5 GA 2 0 1 -1
]
20130529.192716.350 r9999I 00000B94 OSRCP    0579 node=co cmd=on
20130529.192716.350 r9999I 00000B94 OSRCP    0583 translation = SET 5 GA 2 0 0 -1
...
20130529.192716.413 r9999c 00000B94 OSRCP    0138 srcp response [141528 200 OK
 ] on command [SET 5 GA 2 0 0 -1
]
20130529.192717.177 r9999I cmdr01E9 OSignal  1177 setting signal S1 to red
20130529.192717.177 r9999I cmdr01E9 OSignal  0900 2 aspects processing for signal [S1][red]...
20130529.192717.177 r9999I 00000B94 OSRCP    0579 node=co cmd=off
20130529.192717.177 r9999I 00000B94 OSRCP    0583 translation = SET 5 GA 1 0 1 -1
...
20130529.192717.193 r9999c 00000B94 OSRCP    0138 srcp response [142330 200 OK
 ] on command [SET 5 GA 1 0 1 -1
]
20130529.192717.193 r9999I 00000B94 OSRCP    0579 node=co cmd=off
20130529.192717.193 r9999I 00000B94 OSRCP    0583 translation = SET 5 GA 2 0 1 -1
...
20130529.192717.240 r9999c 00000B94 OSRCP    0138 srcp response [142362 200 OK
 ] on command [SET 5 GA 2 0 1 -1
]
20130529.192717.255 r9999I 00000B94 OSRCP    0579 node=co cmd=on
20130529.192717.255 r9999I 00000B94 OSRCP    0583 translation = SET 5 GA 1 0 0 -1
...
20130529.192717.318 r9999c 00000B94 OSRCP    0138 srcp response [142426 200 OK
 ] on command [SET 5 GA 1 0 0 -1
]
20130529.192718.910 r9999I cmdr01E9 OSignal  1177 setting signal S1 to green
20130529.192718.910 r9999I cmdr01E9 OSignal  0900 2 aspects processing for signal [S1][green]...
20130529.192718.910 r9999I 00000B94 OSRCP    0579 node=co cmd=off
20130529.192718.910 r9999I 00000B94 OSRCP    0583 translation = SET 5 GA 1 0 1 -1
...
20130529.192718.926 r9999c 00000B94 OSRCP    0138 srcp response [143056 200 OK
 ] on command [SET 5 GA 1 0 1 -1
]
20130529.192718.926 r9999I 00000B94 OSRCP    0579 node=co cmd=off
20130529.192718.926 r9999I 00000B94 OSRCP    0583 translation = SET 5 GA 2 0 1 -1
...
20130529.192718.988 r9999c 00000B94 OSRCP    0138 srcp response [143089 200 OK
 ] on command [SET 5 GA 2 0 1 -1
]
20130529.192718.988 r9999I 00000B94 OSRCP    0579 node=co cmd=on
20130529.192718.988 r9999I 00000B94 OSRCP    0583 translation = SET 5 GA 2 0 0 -1
...
20130529.192718.051 r9999c 00000B94 OSRCP    0138 srcp response [143152 200 OK
 ] on command [SET 5 GA 2 0 0 -1
]
20130529.192720.516 r9999I cmdr01E9 OSignal  1177 setting signal S2 to red
20130529.192720.516 r9999I cmdr01E9 OSignal  0900 2 aspects processing for signal [S2][red]...
20130529.192720.516 r9999I 00000B94 OSRCP    0579 node=co cmd=off
20130529.192720.531 r9999c 00000B94 OSRCP    0138 srcp response [145662 200 OK
 ] on command [GET 7 GA 3 0
]
20130529.192720.562 r9999c 00000B94 OSRCP    0138 srcp response [145675 200 OK
 ] on command [INIT 7 GA 3 P
]
20130529.192720.609 r9999c 00000B94 OSRCP    0138 srcp response [145718 200 OK
 ] on command [GET 7 GA 3 0
]
20130529.192720.609 r9999I 00000B94 OSRCP    0583 translation = SET 7 GA 3 0 1 -1
...
20130529.192720.672 r9999c 00000B94 OSRCP    0138 srcp response [145778 200 OK
 ] on command [SET 7 GA 3 0 1 -1
]
20130529.192720.672 r9999I 00000B94 OSRCP    0579 node=co cmd=off
20130529.192720.718 r9999c 00000B94 OSRCP    0138 srcp response [145827 200 OK
 ] on command [GET 7 GA 4 0
]
20130529.192720.765 r9999c 00000B94 OSRCP    0138 srcp response [145878 200 OK
 ] on command [INIT 7 GA 4 P
]
20130529.192720.812 r9999c 00000B94 OSRCP    0138 srcp response [145927 200 OK
 ] on command [GET 7 GA 4 0
]
20130529.192720.812 r9999I 00000B94 OSRCP    0583 translation = SET 7 GA 4 0 1 -1
...
20130529.192721.874 r9999c 00000B94 OSRCP    0138 srcp response [145989 200 OK
 ] on command [SET 7 GA 4 0 1 -1
]
20130529.192721.874 r9999I 00000B94 OSRCP    0579 node=co cmd=on
20130529.192721.874 r9999I 00000B94 OSRCP    0583 translation = SET 7 GA 3 0 0 -1
...
20130529.192721.937 r9999c 00000B94 OSRCP    0138 srcp response [146050 200 OK
 ] on command [SET 7 GA 3 0 0 -1
]
20130529.192721.530 r9999I cmdr01E9 OSignal  1177 setting signal S2 to green
20130529.192721.530 r9999I cmdr01E9 OSignal  0900 2 aspects processing for signal [S2][green]...
20130529.192721.545 r9999I 00000B94 OSRCP    0579 node=co cmd=off
20130529.192721.545 r9999I 00000B94 OSRCP    0583 translation = SET 7 GA 3 0 1 -1
...
20130529.192721.545 r9999c 00000B94 OSRCP    0138 srcp response [146689 200 OK
 ] on command [SET 7 GA 3 0 1 -1
]
20130529.192721.545 r9999I 00000B94 OSRCP    0579 node=co cmd=off
20130529.192721.545 r9999I 00000B94 OSRCP    0583 translation = SET 7 GA 4 0 1 -1
...
20130529.192721.608 r9999c 00000B94 OSRCP    0138 srcp response [146718 200 OK
 ] on command [SET 7 GA 4 0 1 -1
]
20130529.192721.608 r9999I 00000B94 OSRCP    0579 node=co cmd=on
20130529.192721.608 r9999I 00000B94 OSRCP    0583 translation = SET 7 GA 4 0 0 -1
...
20130529.192721.654 r9999c 00000B94 OSRCP    0138 srcp response [146781 200 OK
 ] on command [SET 7 GA 4 0 0 -1
]
20130529.192723.620 r9999c cmdr01E9 OSwitch  0989 Switch [W4] will be set to [straight,1,0]
20130529.192723.620 r9999I 00000B94 OSRCP    0579 node=sw cmd=turnout
20130529.192723.636 r9999c 00000B94 OSRCP    0138 srcp response [148766 200 OK
 ] on command [GET 7 GA 4 0
]
20130529.192723.667 r9999c 00000B94 OSRCP    0138 srcp response [148779 200 OK
 ] on command [INIT 7 GA 4 P
]
20130529.192723.714 r9999c 00000B94 OSRCP    0138 srcp response [148820 200 OK
 ] on command [GET 7 GA 4 0
]
20130529.192723.714 r9999I 00000B94 OSRCP    0583 translation = SET 7 GA 4 1 1 -1
...
20130529.192723.776 r9999c 00000B94 OSRCP    0138 srcp response [148883 200 OK
 ] on command [SET 7 GA 4 1 1 -1
]
20130529.192724.462 r9999c cmdr01E9 OSwitch  0989 Switch [W4] will be set to [turnout,1,0]
20130529.192724.462 r9999I 00000B94 OSRCP    0579 node=sw cmd=straight
20130529.192724.462 r9999I 00000B94 OSRCP    0583 translation = SET 7 GA 4 1 0 -1
...
20130529.192724.478 r9999c 00000B94 OSRCP    0138 srcp response [149608 200 OK
 ] on command [SET 7 GA 4 1 0 -1
]
20130529.192730.562 r9999I info01E8 OSRCP    0830 inforeader: [sensor 1:1
 FO 0 FB 1 0
 ]
20130529.192730.578 r9999I info01E8 OSRCP    0830 inforeader: [155686 100 INFO 0 FB 1 1
 ]
20130529.192730.578 r9999c info01E8 OSRCP    0969 sensor 1 = 1
20130529.192731.311 r9999I info01E8 OSRCP    0830 inforeader: [sensor 1:0
 NFO 0 FB 1 1
 ]
20130529.192731.326 r9999I info01E8 OSRCP    0830 inforeader: [156440 100 INFO 0 FB 1 0
 ]
20130529.192731.326 r9999c info01E8 OSRCP    0969 sensor 1 = 0
20130529.192733.557 r9999I info01E8 OSRCP    0830 inforeader: [sensor 4:1
 NFO 0 FB 1 0
 ]
20130529.192733.573 r9999I info01E8 OSRCP    0830 inforeader: [158700 100 INFO 0 FB 4 1
 ]
20130529.192733.573 r9999c info01E8 OSRCP    0969 sensor 4 = 1
20130529.192734.322 r9999I info01E8 OSRCP    0830 inforeader: [sensor 4:0
 NFO 0 FB 4 1
 ]
20130529.192734.322 r9999I info01E8 OSRCP    0830 inforeader: [159454 100 INFO 0 FB 4 0
 ]
20130529.192734.322 r9999c info01E8 OSRCP    0969 sensor 4 = 0
20130529.192741.357 r9999I info01E8 OSRCP    0830 inforeader: [sensor 2:1
 NFO 0 FB 4 0
 ]
20130529.192741.373 r9999I info01E8 OSRCP    0830 inforeader: [166484 100 INFO 0 FB 2 1
 ]
20130529.192741.373 r9999c info01E8 OSRCP    0969 sensor 2 = 1
20130529.192741.373 r9999W 00000CBC OBlock   0472 locId not set in block Block 2
20130529.192743.120 r9999I info01E8 OSRCP    0830 inforeader: [sensor 2:0
 NFO 0 FB 2 1
 ]
20130529.192743.120 r9999I info01E8 OSRCP    0830 inforeader: [168243 100 INFO 0 FB 2 0
 ]
20130529.192743.120 r9999c info01E8 OSRCP    0969 sensor 2 = 0
20130529.192746.225 r9999I 00000B94 OSRCP    0579 node=lc cmd=-
20130529.192746.240 r9999c 00000B94 OSRCP    0138 srcp response [171374 200 OK
 ] on command [GET 4 GL 1
]
20130529.192746.240 r9999I 00000B94 OSRCP    0269 INIT 4 GL 1 P 1 128 5

20130529.192746.287 r9999c 00000B94 OSRCP    0138 srcp response [171386 200 OK
 ] on command [INIT 4 GL 1 P 1 128 5
]
20130529.192746.287 r9999I 00000B94 OSRCP    0279 GET 4 GL 1

20130529.192746.334 r9999c 00000B94 OSRCP    0138 srcp response [171433 200 OK
 ] on command [GET 4 GL 1
]
20130529.192746.334 r9999I 00000B94 OSRCP    0284 successfully got GL 1
20130529.192746.334 r9999I 00000B94 OSRCP    0583 translation = SET 4 GL 1 0 89 128 1 0 0 0 0
...
20130529.192746.396 r9999c 00000B94 OSRCP    0138 srcp response [171500 200 OK
 ] on command [SET 4 GL 1 0 89 128 1 0 0 0 0
]
20130529.192748.284 r9999I 00000B94 OSRCP    0579 node=lc cmd=-
20130529.192748.284 r9999I 00000B94 OSRCP    0583 translation = SET 4 GL 1 1 89 128 1 0 0 0 0
...
20130529.192748.299 r9999c 00000B94 OSRCP    0138 srcp response [173429 200 OK
 ] on command [SET 4 GL 1 1 89 128 1 0 0 0 0
]
20130529.192750.234 r9999I 00000B94 OSRCP    0579 node=lc cmd=-
20130529.192750.234 r9999I 00000B94 OSRCP    0583 translation = SET 4 GL 1 0 89 128 1 0 0 0 0
...
20130529.192750.265 r9999c 00000B94 OSRCP    0138 srcp response [175391 200 OK
 ] on command [SET 4 GL 1 0 89 128 1 0 0 0 0
]
20130529.192751.983 r9999I 00000B94 OSRCP    0579 node=lc cmd=-
20130529.192751.983 r9999I 00000B94 OSRCP    0583 translation = SET 4 GL 1 1 89 128 1 0 0 0 0
...
20130529.192751.983 r9999c 00000B94 OSRCP    0138 srcp response [176126 200 OK
 ] on command [SET 4 GL 1 1 89 128 1 0 0 0 0
]
20130529.192752.262 r9999I 00000B94 OSRCP    0579 node=lc cmd=-
20130529.192752.262 r9999I 00000B94 OSRCP    0583 translation = SET 4 GL 1 1 0 128 1 0 0 0 0
...
20130529.192752.277 r9999c 00000B94 OSRCP    0138 srcp response [177410 200 OK
 ] on command [SET 4 GL 1 1 0 128 1 0 0 0 0
]
20130529.192753.713 r9999I cmdr01E9 OLoc     0974 lc=Stromkreis 1 [addr=1] [fn=1] lights=on 01 -- -- -- -- -- -- -- -- -- -- -- -- -- -- -- -- -- -- -- -- -- -- -- -- -- -- --
20130529.192753.713 r9999I 00000B94 OSRCP    0579 node=fn cmd=-
20130529.192753.713 r9999I 00000B94 OSRCP    0583 translation = SET 4 GL 1 1 0 128 1 1 0 0 0
...
20130529.192753.744 r9999c 00000B94 OSRCP    0138 srcp response [178866 200 OK
 ] on command [SET 4 GL 1 1 0 128 1 1 0 0 0
]
20130529.192754.727 r9999I 00000B94 OSRCP    0579 node=lc cmd=-
20130529.192754.727 r9999I 00000B94 OSRCP    0583 translation = SET 4 GL 1 1 43 128 1 1 0 0 0
...
20130529.192754.742 r9999c 00000B94 OSRCP    0138 srcp response [179880 200 OK
 ] on command [SET 4 GL 1 1 43 128 1 1 0 0 0
]
20130529.192756.943 r9999I 00000B94 OSRCP    0579 node=lc cmd=-
20130529.192756.943 r9999I 00000B94 OSRCP    0583 translation = SET 4 GL 1 1 0 128 1 1 0 0 0
...
20130529.192756.959 r9999c 00000B94 OSRCP    0138 srcp response [181096 200 OK
 ] on command [SET 4 GL 1 1 0 128 1 1 0 0 0
]
20130529.192758.956 r9999I cmdr01E9 OSignal  1177 setting signal S1 to red
20130529.192758.956 r9999I cmdr01E9 OSignal  0900 2 aspects processing for signal [S1][red]...
20130529.192758.956 r9999I 00000B94 OSRCP    0579 node=co cmd=off
20130529.192758.956 r9999I 00000B94 OSRCP    0583 translation = SET 5 GA 1 0 1 -1
...
20130529.192758.971 r9999c 00000B94 OSRCP    0138 srcp response [183103 200 OK
 ] on command [SET 5 GA 1 0 1 -1
]
20130529.192758.971 r9999I 00000B94 OSRCP    0579 node=co cmd=off
20130529.192758.971 r9999I 00000B94 OSRCP    0583 translation = SET 5 GA 2 0 1 -1
...
20130529.192758.018 r9999c 00000B94 OSRCP    0138 srcp response [183135 200 OK
 ] on command [SET 5 GA 2 0 1 -1
]
20130529.192758.018 r9999I 00000B94 OSRCP    0579 node=co cmd=on
20130529.192758.018 r9999I 00000B94 OSRCP    0583 translation = SET 5 GA 1 0 0 -1
...
20130529.192758.096 r9999c 00000B94 OSRCP    0138 srcp response [183198 200 OK
 ] on command [SET 5 GA 1 0 0 -1
]
20130529.192758.798 r9999I cmdr01E9 OSignal  1177 setting signal S1 to green
20130529.192758.798 r9999I cmdr01E9 OSignal  0900 2 aspects processing for signal [S1][green]...
20130529.192758.798 r9999I 00000B94 OSRCP    0579 node=co cmd=off
20130529.192758.798 r9999I 00000B94 OSRCP    0583 translation = SET 5 GA 1 0 1 -1
...
20130529.192758.814 r9999c 00000B94 OSRCP    0138 srcp response [183943 200 OK
 ] on command [SET 5 GA 1 0 1 -1
]
20130529.192758.814 r9999I 00000B94 OSRCP    0579 node=co cmd=off
20130529.192758.814 r9999I 00000B94 OSRCP    0583 translation = SET 5 GA 2 0 1 -1
...
20130529.192759.876 r9999c 00000B94 OSRCP    0138 srcp response [183974 200 OK
 ] on command [SET 5 GA 2 0 1 -1
]
20130529.192759.876 r9999I 00000B94 OSRCP    0579 node=co cmd=on
20130529.192759.876 r9999I 00000B94 OSRCP    0583 translation = SET 5 GA 2 0 0 -1
...
20130529.192759.923 r9999c 00000B94 OSRCP    0138 srcp response [184037 200 OK
 ] on command [SET 5 GA 2 0 0 -1
]
20130529.192759.500 r9999I cmdr01E9 OSignal  1177 setting signal S1 to red
20130529.192759.500 r9999I cmdr01E9 OSignal  0900 2 aspects processing for signal [S1][red]...
20130529.192759.500 r9999I 00000B94 OSRCP    0579 node=co cmd=off
20130529.192759.500 r9999I 00000B94 OSRCP    0583 translation = SET 5 GA 1 0 1 -1
...
20130529.192759.531 r9999c 00000B94 OSRCP    0138 srcp response [184655 200 OK
 ] on command [SET 5 GA 1 0 1 -1
]
20130529.192759.531 r9999I 00000B94 OSRCP    0579 node=co cmd=off
20130529.192759.531 r9999I 00000B94 OSRCP    0583 translation = SET 5 GA 2 0 1 -1
...
20130529.192759.578 r9999c 00000B94 OSRCP    0138 srcp response [184687 200 OK
 ] on command [SET 5 GA 2 0 1 -1
]
20130529.192759.578 r9999I 00000B94 OSRCP    0579 node=co cmd=on
20130529.192759.578 r9999I 00000B94 OSRCP    0583 translation = SET 5 GA 1 0 0 -1
...
20130529.192759.641 r9999c 00000B94 OSRCP    0138 srcp response [184751 200 OK
 ] on command [SET 5 GA 1 0 0 -1
]
20130529.192800.124 r9999I clocktic OControl 1455 new clock event 19:28.00
20130529.192800.124 r9999I 00000FFC OSRCP    0579 node=clock cmd=sync
20130529.192805.319 r9999I 00000B94 OSRCP    0579 node=sys cmd=stop
20130529.192805.335 r9999c 00000B94 OSRCP    0138 srcp response [190464 200 OK
 ] on command [SET 1 POWER OFF
]
20130529.192805.366 r9999c 00000B94 OSRCP    0138 srcp response [190482 200 OK
 ] on command [SET 2 POWER OFF
]
20130529.192805.413 r9999c 00000B94 OSRCP    0138 srcp response [190526 200 OK
 ] on command [SET 3 POWER OFF
]
20130529.192805.459 r9999c 00000B94 OSRCP    0138 srcp response [190578 200 OK
 ] on command [SET 4 POWER OFF
]
20130529.192805.522 r9999c 00000B94 OSRCP    0138 srcp response [190630 200 OK
 ] on command [SET 5 POWER OFF
]
20130529.192805.569 r9999c 00000B94 OSRCP    0138 srcp response [190683 200 OK
 ] on command [SET 6 POWER OFF
]
20130529.192805.631 r9999c 00000B94 OSRCP    0138 srcp response [190734 200 OK
 ] on command [SET 7 POWER OFF
]
20130529.192805.678 r9999c 00000B94 OSRCP    0138 srcp response [190786 200 OK
 ] on command [SET 8 POWER OFF
]
20130529.192805.740 r9999c 00000B94 OSRCP    0138 srcp response [190838 200 OK
 ] on command [SET 9 POWER OFF
]
20130529.192805.787 r9999c 00000B94 OSRCP    0138 srcp response [190892 200 OK
 ] on command [SET 10 POWER OFF
]
20130529.192805.787 r9999I cmdr01E9 OModel   1913 informing 2 listeners of a system event...
20130529.192808.018 r9999W cmdr01E9 OSocket  0580 *broken* errno=0, rc=10054, read=-1
20130529.192808.018 r9999I cmdr01E9 OClntCon 0363 Server ended.
20130529.192808.018 r9999I infw01E9 OClntCon 0177 InfoService ended.
20130529.192811.232 r9999I main     OApp     0539 Shutdown requested.
20130529.192811.232 r9999I main     OApp     1065 SHUTDOWN
20130529.192811.247 r9999I 00000F30 OSRCP    0579 node=sys cmd=shutdown
20130529.192811.263 r9999I main     OModel   1913 informing 2 listeners of a system event...
20130529.192811.263 r9999I main     OApp     1074 Informing clients...
20130529.192811.466 r9999I main     OApp     1086 Informing model...
20130529.192811.466 r9999I main     OModel   2290 Saving plan [plan.xml]...
20130529.192811.497 r9999I main     OModel   2328 Serialized Plan=15355
20130529.192811.497 r9999I main     OModel   0302 backup plan.xml to backup\20130529192811497-plan.xml
20130529.192811.512 r9999I main     OModel   0333 15355 bytes saved in plan.xml.
20130529.192811.512 r9999I main     OModel   2333 Plan Saved.
20130529.192811.512 r9999I main     OModel   5063 writing occupancy file [occ.xml]
20130529.192811.528 r9999I main     OApp     1102 Informing all threads...
20130529.192811.528 r9999I main     OApp     1105 Shutting down...
20130529.192811.528 r9999I main     OApp     1113 Thread[0] <clockticker> still active.
20130529.192811.544 r9999I main     OApp     1113 Thread[1] <broadcast> still active.
20130529.192811.544 r9999I main     OApp     1113 Thread[2] <Stromkreis 1> still active.
20130529.192811.544 r9999I main     OApp     1113 Thread[3] <Stromkreis 2> still active.
20130529.192811.544 r9999I main     OApp     1113 Thread[4] <tick009B39A4> still active.
20130529.192811.559 r9999I main     OApp     1113 Thread[5] <checker> still active.
20130529.192811.559 r9999I main     OApp     1113 Thread[6] <cconmngr> still active.
20130529.192811.559 r9999I main     OApp     1015 backing up rocrail.ini to rocrail.ini.bak...
20130529.192811.575 r9999I main     OApp     1045 saving ini rocrail.ini...
20130529.192811.575 r9999I main     OHttp    0351 Shutting down HTTP...
20130529.192811.575 r9999I main     OApp     1122 Informing controller...
20130529.192811.590 r9999I main     OControl 1265 Shutting down...
20130529.192811.590 r9999I main     OControl 1270 Informing interfaces...
20130529.192811.606 r9999c info01E8 OSRCP    1009 Info reader ended
20130529.192811.700 r9999I main     OApp     1132 Exit.
