recv: 1, SET PROTOCOL SRCP 0.8
send: 1, 171238 201 OK PROTOCOL SRCP
recv: 1, SET CONNECTIONMODE SRCP INFO
send: 3, 171352 202 OK
recv: 3, GO
send: 3, 171454 200 OK GO 3
disconnect
conn : 0
disconnect
conn : 0
recv: 1, GET 4 GL 1
send: 1, 193429 200 OK
recv: 1, INIT 4 GL 1 P 1 128 5
send: 1, 193537 200 OK
recv: 1, GET 4 GL 1
send: 1, 193642 200 OK
recv: 1, SET 4 GL 1 0 71 128 1 0 0 0 0
send: 1, 193754 200 OK
disconnect
conn : 0
recv: 1, SET PROTOCOL SRCP 0.8
send: 1, 7232 201 OK PROTOCOL SRCP
recv: 1, SET CONNECTIONMODE SRCP COMMAND
send: 2, 7345 202 OK
recv: 2, GO
send: 2, 7447 200 OK GO 1
recv: 2, GET 1 POWER
send: 2, 7553 100 INFO 0 POWER 0 0
recv: 2, SET 4 GL 1 0 71 128 1 0 0 0 0
send: 2, 7664 200 OK
disconnect
conn : 0
disconnect
